# JRE version: 7.0_11-b21
# Java VM: Java HotSpot(TM) 64-Bit Server VM (23.6-b04 mixed mode windows-amd64 compressed oops)
Heap
 PSYoungGen      total 52352K, used 9714K [0x00000000eaab0000, 0x00000000f10f0000, 0x0000000100000000)
  eden space 48384K, 11% used [0x00000000eaab0000,0x00000000eb051648,0x00000000ed9f0000)
  from space 3968K, 99% used [0x00000000ed9f0000,0x00000000eddcb1d8,0x00000000eddd0000)
  to   space 3968K, 0% used [0x00000000f0d10000,0x00000000f0d10000,0x00000000f10f0000)
 ParOldGen       total 64384K, used 11879K [0x00000000c0000000, 0x00000000c3ee0000, 0x00000000eaab0000)
  object space 64384K, 18% used [0x00000000c0000000,0x00000000c0b99ed0,0x00000000c3ee0000)
 PSPermGen       total 21248K, used 5745K [0x00000000bae00000, 0x00000000bc2c0000, 0x00000000c0000000)
  object space 21248K, 27% used [0x00000000bae00000,0x00000000bb39c420,0x00000000bc2c0000)
GC Heap History (6 events):
Event: 2.831 GC heap before
{Heap before GC invocations=1 (full 0):
 PSYoungGen      total 28160K, used 24192K [0x00000000eaab0000, 0x00000000eca10000, 0x0000000100000000)
  eden space 24192K, 100% used [0x00000000eaab0000,0x00000000ec250000,0x00000000ec250000)
  from space 3968K, 0% used [0x00000000ec630000,0x00000000ec630000,0x00000000eca10000)
  to   space 3968K, 0% used [0x00000000ec250000,0x00000000ec250000,0x00000000ec630000)
 ParOldGen       total 64384K, used 0K [0x00000000c0000000, 0x00000000c3ee0000, 0x00000000eaab0000)
  object space 64384K, 0% used [0x00000000c0000000,0x00000000c0000000,0x00000000c3ee0000)
 PSPermGen       total 21248K, used 5593K [0x00000000bae00000, 0x00000000bc2c0000, 0x00000000c0000000)
  object space 21248K, 26% used [0x00000000bae00000,0x00000000bb376760,0x00000000bc2c0000)
Event: 2.881 GC heap after
Heap after GC invocations=1 (full 0):
 PSYoungGen      total 28160K, used 3964K [0x00000000eaab0000, 0x00000000ee1b0000, 0x0000000100000000)
  eden space 24192K, 0% used [0x00000000eaab0000,0x00000000eaab0000,0x00000000ec250000)
  from space 3968K, 99% used [0x00000000ec250000,0x00000000ec62f258,0x00000000ec630000)
  to   space 3968K, 0% used [0x00000000eddd0000,0x00000000eddd0000,0x00000000ee1b0000)
 ParOldGen       total 64384K, used 1677K [0x00000000c0000000, 0x00000000c3ee0000, 0x00000000eaab0000)
  object space 64384K, 2% used [0x00000000c0000000,0x00000000c01a3500,0x00000000c3ee0000)
 PSPermGen       total 21248K, used 5593K [0x00000000bae00000, 0x00000000bc2c0000, 0x00000000c0000000)
  object space 21248K, 26% used [0x00000000bae00000,0x00000000bb376760,0x00000000bc2c0000)
}
Event: 4.420 GC heap before
{Heap before GC invocations=2 (full 0):
 PSYoungGen      total 28160K, used 28156K [0x00000000eaab0000, 0x00000000ee1b0000, 0x0000000100000000)
  eden space 24192K, 100% used [0x00000000eaab0000,0x00000000ec250000,0x00000000ec250000)
  from space 3968K, 99% used [0x00000000ec250000,0x00000000ec62f258,0x00000000ec630000)
  to   space 3968K, 0% used [0x00000000eddd0000,0x00000000eddd0000,0x00000000ee1b0000)
 ParOldGen       total 64384K, used 1677K [0x00000000c0000000, 0x00000000c3ee0000, 0x00000000eaab0000)
  object space 64384K, 2% used [0x00000000c0000000,0x00000000c01a3500,0x00000000c3ee0000)
 PSPermGen       total 21248K, used 5698K [0x00000000bae00000, 0x00000000bc2c0000, 0x00000000c0000000)
  object space 21248K, 26% used [0x00000000bae00000,0x00000000bb390aa8,0x00000000bc2c0000)
Event: 4.471 GC heap after
Heap after GC invocations=2 (full 0):
 PSYoungGen      total 52352K, used 3947K [0x00000000eaab0000, 0x00000000ee1b0000, 0x0000000100000000)
  eden space 48384K, 0% used [0x00000000eaab0000,0x00000000eaab0000,0x00000000ed9f0000)
  from space 3968K, 99% used [0x00000000eddd0000,0x00000000ee1aad88,0x00000000ee1b0000)
  to   space 3968K, 0% used [0x00000000ed9f0000,0x00000000ed9f0000,0x00000000eddd0000)
 ParOldGen       total 64384K, used 5621K [0x00000000c0000000, 0x00000000c3ee0000, 0x00000000eaab0000)
  object space 64384K, 8% used [0x00000000c0000000,0x00000000c057d5f8,0x00000000c3ee0000)
 PSPermGen       total 21248K, used 5698K [0x00000000bae00000, 0x00000000bc2c0000, 0x00000000c0000000)
  object space 21248K, 26% used [0x00000000bae00000,0x00000000bb390aa8,0x00000000bc2c0000)
}
Event: 5.533 GC heap before
{Heap before GC invocations=3 (full 0):
 PSYoungGen      total 52352K, used 52331K [0x00000000eaab0000, 0x00000000ee1b0000, 0x0000000100000000)
  eden space 48384K, 100% used [0x00000000eaab0000,0x00000000ed9f0000,0x00000000ed9f0000)
  from space 3968K, 99% used [0x00000000eddd0000,0x00000000ee1aad88,0x00000000ee1b0000)
  to   space 3968K, 0% used [0x00000000ed9f0000,0x00000000ed9f0000,0x00000000eddd0000)
 ParOldGen       total 64384K, used 5621K [0x00000000c0000000, 0x00000000c3ee0000, 0x00000000eaab0000)
  object space 64384K, 8% used [0x00000000c0000000,0x00000000c057d5f8,0x00000000c3ee0000)
 PSPermGen       total 21248K, used 5743K [0x00000000bae00000, 0x00000000bc2c0000, 0x00000000c0000000)
  object space 21248K, 27% used [0x00000000bae00000,0x00000000bb39bc10,0x00000000bc2c0000)
Event: 5.551 GC heap after
Heap after GC invocations=3 (full 0):
 PSYoungGen      total 52352K, used 3948K [0x00000000eaab0000, 0x00000000f10f0000, 0x0000000100000000)
  eden space 48384K, 0% used [0x00000000eaab0000,0x00000000eaab0000,0x00000000ed9f0000)
  from space 3968K, 99% used [0x00000000ed9f0000,0x00000000eddcb1d8,0x00000000eddd0000)
  to   space 3968K, 0% used [0x00000000f0d10000,0x00000000f0d10000,0x00000000f10f0000)
 ParOldGen       total 64384K, used 11879K [0x00000000c0000000, 0x00000000c3ee0000, 0x00000000eaab0000)
  object space 64384K, 18% used [0x00000000c0000000,0x00000000c0b99ed0,0x00000000c3ee0000)
 PSPermGen       total 21248K, used 5743K [0x00000000bae00000, 0x00000000bc2c0000, 0x00000000c0000000)
  object space 21248K, 27% used [0x00000000bae00000,0x00000000bb39bc10,0x00000000bc2c0000)
}

